<?xml version="1.0" encoding="UTF-8"?><testsuite errors="0" failures="1" name="Yo como automatizador requiero crear usuarios" skipped="0" tests="1" time="35.34" timestamp="2023-03-07 11:26:19"><testcase name="Crear usuario con el rol admin"><failure message="Credenciales incorrectamente" type="java.lang.AssertionError">Credenciales incorrectamente</failure><system-err>Credenciales incorrectamente
steps.registerSteps.saveUser(registerSteps.java:47)
definitions.registerDefinition.createUser(registerDefinition.java:34)
✽.que se cree de la forma correcta(src/test/resources/features/register.feature:10)
</system-err></testcase></testsuite>